<?xml version="1.0" encoding="UTF-8"?>
<!-- Generated by org.testng.reporters.JUnitReportReporter -->
<testsuite hostname="DAC-100304" failures="0" tests="1" name="authenticate.TestCases.LaunchAndlogin" time="75.711" errors="0" timestamp="2024-07-29T23:58:37 IST" skipped="0">
  <testcase classname="authenticate.TestCases.LaunchAndlogin" name="plip" time="75.711"/>
  <system-out/>
</testsuite> <!-- authenticate.TestCases.LaunchAndlogin -->
