<?xml version="1.0" encoding="UTF-8"?>
<!-- Generated by org.testng.reporters.JUnitReportReporter -->
<testsuite hostname="DAC-100304" failures="0" tests="6" name="authenticate.TestCases.AllTestCases" time="500.392" errors="0" timestamp="2024-08-04T11:50:07 IST" skipped="0">
  <testcase classname="authenticate.TestCases.AllTestCases" name="TC002_Login_to_Application" time="35.786"/>
  <system-out/>
  <testcase classname="authenticate.TestCases.AllTestCases" name="amzProductComparewithFlipkart" time="123.483"/>
  <system-out/>
  <testcase classname="authenticate.TestCases.AllTestCases" name="TC03_SearchProduct" time="57.093"/>
  <system-out/>
  <testcase classname="authenticate.TestCases.AllTestCases" name="TC05_endtoend_login_To_PaymentMethod" time="161.497"/>
  <system-out/>
  <testcase classname="authenticate.TestCases.AllTestCases" name="TC04_VerifytheProductDetails" time="108.357"/>
  <system-out/>
  <testcase classname="authenticate.TestCases.AllTestCases" name="TC01_Verify_Tittle_Onlaunch" time="14.176"/>
  <system-out/>
</testsuite> <!-- authenticate.TestCases.AllTestCases -->
