<?xml version="1.0" encoding="UTF-8"?>
<!-- Generated by org.testng.reporters.JUnitReportReporter -->
<testsuite hostname="DAC-100304" failures="0" tests="1" name="TastCase1.testCases_001" time="11.354" errors="0" timestamp="2024-07-27T13:48:15 IST" skipped="0">
  <testcase classname="TastCase1.testCases_001" name="Login" time="11.354"/>
  <system-out/>
</testsuite> <!-- TastCase1.testCases_001 -->
